<?xml version="1.0" encoding="UTF-8"?>
<!-- Generated by org.testng.reporters.JUnitReportReporter -->
<testsuite hostname="DESKTOP-G3P88A0" failures="0" tests="3" name="assignment.LambdaTest" time="7.027" errors="0" timestamp="2023-02-23T19:29:54 IST" skipped="0">
  <testcase classname="assignment.LambdaTest" name="function1Test" time="2.462"/>
  <system-out/>
  <testcase classname="assignment.LambdaTest" name="function2Test" time="2.250"/>
  <system-out/>
  <testcase classname="assignment.LambdaTest" name="function3Test" time="2.315"/>
  <system-out/>
</testsuite> <!-- assignment.LambdaTest -->
